0 info it worked if it ends with ok
1 verbose cli [ 'C:\\Program Files\\nodejs\\node.exe',
1 verbose cli   'C:\\Users\\Christian\\AppData\\Roaming\\npm\\node_modules\\npm\\bin\\npm-cli.js',
1 verbose cli   'start' ]
2 info using npm@4.0.2
3 info using node@v4.3.0
4 verbose run-script [ 'prestart', 'start', 'poststart' ]
5 info lifecycle cesanime-api@1.0.0~prestart: cesanime-api@1.0.0
6 silly lifecycle cesanime-api@1.0.0~prestart: no script for prestart, continuing
7 info lifecycle cesanime-api@1.0.0~start: cesanime-api@1.0.0
8 verbose lifecycle cesanime-api@1.0.0~start: unsafe-perm in lifecycle true
9 verbose lifecycle cesanime-api@1.0.0~start: PATH: C:\Users\Christian\AppData\Roaming\npm\node_modules\npm\bin\node-gyp-bin;C:\Users\Christian\Documents\Proyectos\node\cesanime-api\node_modules\.bin;C:\Users\Christian\Documents\cmder\bin;C:\Users\Christian\Documents\cmder\vendor\conemu-maximus5\ConEmu\Scripts;C:\Users\Christian\Documents\cmder\vendor\conemu-maximus5;C:\Users\Christian\Documents\cmder\vendor\conemu-maximus5\ConEmu;C:\Program Files\Java\jdk1.8.0_111\bin;C:\ProgramData\Oracle\Java\javapath;C:\Program Files\ImageMagick-6.9.3-Q16;C:\Program Files\Broadcom\Broadcom 802.11;C:\Program Files (x86)\NVIDIA Corporation\PhysX\Common;C:\Program Files (x86)\Intel\iCLS Client\;C:\Users\Christian\AppData\Local\Android\sdk\build-tools\23.0.3;C:\WINDOWS\system32;C:\WINDOWS;C:\WINDOWS\System32\Wbem;C:\WINDOWS\System32\WindowsPowerShell\v1.0\;C:\Program Files\Hewlett-Packard\SimplePass\;C:\Program Files\Redis\;C:\Program Files (x86)\Intel\Intel(R) Management Engine Components\DAL;C:\Program Files\Intel\Intel(R) Management Engine Components\DAL;C:\Program Files (x86)\Intel\Intel(R) Management Engine Components\IPT;C:\Program Files\Intel\Intel(R) Management Engine Components\IPT;C:\Program Files (x86)\Skype\Phone\;C:\Program Files (x86)\Windows Live\Shared;C:\Users\Christian\AppData\Roaming\nvm;C:\Program Files\nodejs;C:\Users\Christian\AppData\Local\Android\sdk\tools;C:\ProgramData\chocolatey\bin;C:\Users\Christian\AppData\Local\Android\sdk\SDK Manager.exe\tools;C:\Users\Christian\AppData\Local\Android\sdk\SDK Manager.exe\platform-tools;%JAVA_HOME%\bin;C:\Program Files\Git\cmd;C:\Program Files (x86)\Yarn\bin;C:\Program Files\PuTTY\;C:\Go\bin;C:\RailsInstaller\Git\cmd;C:\RailsInstaller\Ruby2.2.0\bin;C:\Users\Christian\AppData\Roaming\npm;C:\Users\Christian\AppData\Local\.meteor\;C:\Program Files (x86)\GnuWin32\bin;C:\Users\Christian\AppData\Local\atom\bin;C:\Python27\;C:\Python27\Scripts;C:\Program Files\MongoDB\Server\3.2\bin;C:\Users\Christian\AppData\Local\Microsoft\WindowsApps;C:\Program Files (x86)\Microsoft VS Code\bin;C:\Users\Christian\AppData\Roaming\nvm;C:\Program Files\nodejs;C:\Users\Christian\AppData\Local\Yarn\.bin;C:\Program Files\Git\usr\bin;C:\Program Files\Git\usr\share\vim\vim74;C:\Users\Christian\Documents\cmder\
10 verbose lifecycle cesanime-api@1.0.0~start: CWD: C:\Users\Christian\Documents\Proyectos\node\cesanime-api
11 silly lifecycle cesanime-api@1.0.0~start: Args: [ '/d /s /c', 'npm run babel && node ./dist/server' ]
12 silly lifecycle cesanime-api@1.0.0~start: Returned: code: 3221225786  signal: null
13 info lifecycle cesanime-api@1.0.0~start: Failed to exec start script
14 verbose stack Error: cesanime-api@1.0.0 start: `npm run babel && node ./dist/server`
14 verbose stack Exit status 3221225786
14 verbose stack     at EventEmitter.<anonymous> (C:\Users\Christian\AppData\Roaming\npm\node_modules\npm\lib\utils\lifecycle.js:279:16)
14 verbose stack     at emitTwo (events.js:87:13)
14 verbose stack     at EventEmitter.emit (events.js:172:7)
14 verbose stack     at ChildProcess.<anonymous> (C:\Users\Christian\AppData\Roaming\npm\node_modules\npm\lib\utils\spawn.js:40:14)
14 verbose stack     at emitTwo (events.js:87:13)
14 verbose stack     at ChildProcess.emit (events.js:172:7)
14 verbose stack     at maybeClose (internal/child_process.js:821:16)
14 verbose stack     at Process.ChildProcess._handle.onexit (internal/child_process.js:211:5)
15 verbose pkgid cesanime-api@1.0.0
16 verbose cwd C:\Users\Christian\Documents\Proyectos\node\cesanime-api
17 error Windows_NT 10.0.14393
18 error argv "C:\\Program Files\\nodejs\\node.exe" "C:\\Users\\Christian\\AppData\\Roaming\\npm\\node_modules\\npm\\bin\\npm-cli.js" "start"
19 error node v4.3.0
20 error npm  v4.0.2
21 error code ELIFECYCLE
22 error cesanime-api@1.0.0 start: `npm run babel && node ./dist/server`
22 error Exit status 3221225786
23 error Failed at the cesanime-api@1.0.0 start script 'npm run babel && node ./dist/server'.
23 error Make sure you have the latest version of node.js and npm installed.
23 error If you do, this is most likely a problem with the cesanime-api package,
23 error not with npm itself.
23 error Tell the author that this fails on your system:
23 error     npm run babel && node ./dist/server
23 error You can get information on how to open an issue for this project with:
23 error     npm bugs cesanime-api
23 error Or if that isn't available, you can get their info via:
23 error     npm owner ls cesanime-api
23 error There is likely additional logging output above.
24 verbose exit [ 1, true ]
